<?xml version="1.0" encoding="UTF-8"?>
<!-- Generated by org.testng.reporters.JUnitReportReporter -->
<testsuite name="com.wipro.testcaes.RegAndAddToCartTcase" tests="5" time="154.643" ignored="0" failures="0" timestamp="15 Feb 2018 10:28:34 GMT" skipped="0" hostname="D-113156289" errors="0">
  <testcase name="addReviewOnViewedProduct" time="64.001" classname="com.wipro.testcaes.RegAndAddToCartTcase"/>
  <testcase name="registration" time="3.189" classname="com.wipro.testcaes.RegAndAddToCartTcase"/>
  <testcase name="addToWishlist" time="2.391" classname="com.wipro.testcaes.RegAndAddToCartTcase"/>
  <testcase name="addReviewOnViewedProduct" time="15.049" classname="com.wipro.testcaes.RegAndAddToCartTcase"/>
  <testcase name="addToCart" time="70.013" classname="com.wipro.testcaes.RegAndAddToCartTcase"/>
</testsuite> <!-- com.wipro.testcaes.RegAndAddToCartTcase -->
